[debug] [2024-10-13T06:32:53.480Z] ----------------------------------------------------------------------
[debug] [2024-10-13T06:32:53.482Z] Command:       /nix/store/alik5i1lm5kfm61fh3pg221czk7pmv4g-nodejs-20.16.0/bin/node /home/runner/core/.config/npm/node_global/bin/firebase login
[debug] [2024-10-13T06:32:53.483Z] CLI Version:   13.22.0
[debug] [2024-10-13T06:32:53.483Z] Platform:      linux
[debug] [2024-10-13T06:32:53.483Z] Node Version:  v20.16.0
[debug] [2024-10-13T06:32:53.483Z] Time:          Sun Oct 13 2024 06:32:53 GMT+0000 (Coordinated Universal Time)
[debug] [2024-10-13T06:32:53.483Z] ----------------------------------------------------------------------
[debug] 
[debug] [2024-10-13T06:32:53.486Z] >>> [apiv2][query] GET https://firebase-public.firebaseio.com/cli.json [none]
[info] i  Firebase optionally collects CLI and Emulator Suite usage and error reporting information to help improve our products. Data is collected in accordance with Google's privacy policy (https://policies.google.com/privacy) and is not used to identify you.
 
[debug] [2024-10-13T06:32:53.652Z] <<< [apiv2][status] GET https://firebase-public.firebaseio.com/cli.json 200
[debug] [2024-10-13T06:32:53.653Z] <<< [apiv2][body] GET https://firebase-public.firebaseio.com/cli.json {"cloudBuildErrorAfter":1594252800000,"cloudBuildWarnAfter":1590019200000,"defaultNode10After":1594252800000,"minVersion":"3.0.5","node8DeploysDisabledAfter":1613390400000,"node8RuntimeDisabledAfter":1615809600000,"node8WarnAfter":1600128000000}
[info] i  To change your data collection preference at any time, run `firebase logout` and log in again. 
[info] 
[info] Visit this URL on this device to log in:
[info] https://accounts.google.com/o/oauth2/auth?client_id=563584335869-fgrhgmd47bqnekij5i8b5pr03ho849e6.apps.googleusercontent.com&scope=email%20openid%20https%3A%2F%2Fwww.googleapis.com%2Fauth%2Fcloudplatformprojects.readonly%20https%3A%2F%2Fwww.googleapis.com%2Fauth%2Ffirebase%20https%3A%2F%2Fwww.googleapis.com%2Fauth%2Fcloud-platform&response_type=code&state=1042276705&redirect_uri=http%3A%2F%2Flocalhost%3A9005
[info] 
[info] Waiting for authentication...
[debug] [2024-10-13T06:36:38.043Z] ----------------------------------------------------------------------
[debug] [2024-10-13T06:36:38.045Z] Command:       /nix/store/alik5i1lm5kfm61fh3pg221czk7pmv4g-nodejs-20.16.0/bin/node /home/runner/core/.config/npm/node_global/bin/firebase login
[debug] [2024-10-13T06:36:38.046Z] CLI Version:   13.22.0
[debug] [2024-10-13T06:36:38.046Z] Platform:      linux
[debug] [2024-10-13T06:36:38.046Z] Node Version:  v20.16.0
[debug] [2024-10-13T06:36:38.046Z] Time:          Sun Oct 13 2024 06:36:38 GMT+0000 (Coordinated Universal Time)
[debug] [2024-10-13T06:36:38.046Z] ----------------------------------------------------------------------
[debug] 
[info] i  Firebase optionally collects CLI and Emulator Suite usage and error reporting information to help improve our products. Data is collected in accordance with Google's privacy policy (https://policies.google.com/privacy) and is not used to identify you.
 
[info] i  To change your data collection preference at any time, run `firebase logout` and log in again. 
[info] 
[info] Visit this URL on this device to log in:
[info] https://accounts.google.com/o/oauth2/auth?client_id=563584335869-fgrhgmd47bqnekij5i8b5pr03ho849e6.apps.googleusercontent.com&scope=email%20openid%20https%3A%2F%2Fwww.googleapis.com%2Fauth%2Fcloudplatformprojects.readonly%20https%3A%2F%2Fwww.googleapis.com%2Fauth%2Ffirebase%20https%3A%2F%2Fwww.googleapis.com%2Fauth%2Fcloud-platform&response_type=code&state=778632367&redirect_uri=http%3A%2F%2Flocalhost%3A9005
[info] 
[info] Waiting for authentication...
